This is XeTeX, Version 3.14159265-2.6-0.99992 (TeX Live 2015/Debian) (preloaded format=xelatex 2017.2.9)  20 FEB 2017 23:50
entering extended mode
 restricted \write18 enabled.
 %&-line parsing enabled.
**diss.tex
(./diss.tex
LaTeX2e <2016/02/01>
Babel <3.9q> and hyphenation patterns for 81 language(s) loaded.
(/usr/share/texlive/texmf-dist/tex/latex/base/report.cls
Document Class: report 2014/09/29 v1.4h Standard LaTeX document class
(/usr/share/texlive/texmf-dist/tex/latex/base/size12.clo
File: size12.clo 2014/09/29 v1.4h Standard LaTeX file (size option)
)
\c@part=\count79
\c@chapter=\count80
\c@section=\count81
\c@subsection=\count82
\c@subsubsection=\count83
\c@paragraph=\count84
\c@subparagraph=\count85
\c@figure=\count86
\c@table=\count87
\abovecaptionskip=\skip41
\belowcaptionskip=\skip42
\bibindent=\dimen102
)
(/usr/share/texlive/texmf-dist/tex/latex/ntgclass/a4.sty
Package: a4 2004/04/15 v1.2g A4 based page layout
)
(/usr/share/texlive/texmf-dist/tex/latex/tools/verbatim.sty
Package: verbatim 2014/10/28 v1.5q LaTeX2e package for verbatim enhancements
\every@verbatim=\toks14
\verbatim@line=\toks15
\verbatim@in@stream=\read1
)
(/usr/share/texlive/texmf-dist/tex/latex/fontspec/fontspec.sty
(/usr/share/texlive/texmf-dist/tex/latex/l3kernel/expl3.sty
Package: expl3 2016/01/19 v6377 L3 programming layer (loader) 

(/usr/share/texlive/texmf-dist/tex/latex/l3kernel/expl3-code.tex
Package: expl3 2016/01/19 v6377 L3 programming layer (code)
L3 Module: l3bootstrap 2016/01/01 v6339 L3 Bootstrap code
L3 Module: l3names 2015/12/21 v6328 L3 Namespace for primitives
L3 Module: l3basics 2015/11/22 v6315 L3 Basic definitions
L3 Module: l3expan 2015/09/10 v5983 L3 Argument expansion
L3 Module: l3tl 2015/09/29 v6121 L3 Token lists
L3 Module: l3str 2016/01/03 v6357 L3 Strings
L3 Module: l3seq 2015/08/05 v5777 L3 Sequences and stacks
L3 Module: l3int 2016/01/05 v6366 L3 Integers
\c_max_int=\count88
\l_tmpa_int=\count89
\l_tmpb_int=\count90
\g_tmpa_int=\count91
\g_tmpb_int=\count92
L3 Module: l3quark 2015/08/17 v5855 L3 Quarks
L3 Module: l3prg 2015/11/01 v6216 L3 Control structures
\g__prg_map_int=\count93
L3 Module: l3clist 2015/09/02 v5901 L3 Comma separated lists
L3 Module: l3token 2015/11/11 v6249 L3 Experimental token manipulation
L3 Module: l3prop 2016/01/05 v6366 L3 Property lists
L3 Module: l3msg 2015/09/28 v6113 L3 Messages
L3 Module: l3file 2015/12/03 v6317 L3 File and I/O operations
\l_iow_line_count_int=\count94
\l__iow_target_count_int=\count95
\l__iow_current_line_int=\count96
\l__iow_current_word_int=\count97
\l__iow_current_indentation_int=\count98
L3 Module: l3skip 2016/01/05 v6366 L3 Dimensions and skips
\c_zero_dim=\dimen103
\c_max_dim=\dimen104
\l_tmpa_dim=\dimen105
\l_tmpb_dim=\dimen106
\g_tmpa_dim=\dimen107
\g_tmpb_dim=\dimen108
\c_zero_skip=\skip43
\c_max_skip=\skip44
\l_tmpa_skip=\skip45
\l_tmpb_skip=\skip46
\g_tmpa_skip=\skip47
\g_tmpb_skip=\skip48
\c_zero_muskip=\muskip10
\c_max_muskip=\muskip11
\l_tmpa_muskip=\muskip12
\l_tmpb_muskip=\muskip13
\g_tmpa_muskip=\muskip14
\g_tmpb_muskip=\muskip15
L3 Module: l3keys 2015/11/17 v6284 L3 Key-value interfaces
\g__keyval_level_int=\count99
\l_keys_choice_int=\count100
L3 Module: l3fp 2015/08/25 v5890 L3 Floating points
\c__fp_leading_shift_int=\count101
\c__fp_middle_shift_int=\count102
\c__fp_trailing_shift_int=\count103
\c__fp_big_leading_shift_int=\count104
\c__fp_big_middle_shift_int=\count105
\c__fp_big_trailing_shift_int=\count106
\c__fp_Bigg_leading_shift_int=\count107
\c__fp_Bigg_middle_shift_int=\count108
\c__fp_Bigg_trailing_shift_int=\count109
L3 Module: l3box 2015/08/09 v5822 L3 Experimental boxes
\c_empty_box=\box26
\l_tmpa_box=\box27
\l_tmpb_box=\box28
\g_tmpa_box=\box29
\g_tmpb_box=\box30
L3 Module: l3coffins 2015/08/06 v5789 L3 Coffin code layer
\l__coffin_internal_box=\box31
\l__coffin_internal_dim=\dimen109
\l__coffin_offset_x_dim=\dimen110
\l__coffin_offset_y_dim=\dimen111
\l__coffin_x_dim=\dimen112
\l__coffin_y_dim=\dimen113
\l__coffin_x_prime_dim=\dimen114
\l__coffin_y_prime_dim=\dimen115
\c_empty_coffin=\box32
\l__coffin_aligned_coffin=\box33
\l__coffin_aligned_internal_coffin=\box34
\l_tmpa_coffin=\box35
\l_tmpb_coffin=\box36
\l__coffin_display_coffin=\box37
\l__coffin_display_coord_coffin=\box38
\l__coffin_display_pole_coffin=\box39
\l__coffin_display_offset_dim=\dimen116
\l__coffin_display_x_dim=\dimen117
\l__coffin_display_y_dim=\dimen118
L3 Module: l3color 2014/08/23 v5354 L3 Experimental color support
L3 Module: l3sys 2015/09/25 v6087 L3 Experimental system/runtime functions
L3 Module: l3candidates 2016/01/14 v6376 L3 Experimental additions to l3kernel
\l__box_top_dim=\dimen119
\l__box_bottom_dim=\dimen120
\l__box_left_dim=\dimen121
\l__box_right_dim=\dimen122
\l__box_top_new_dim=\dimen123
\l__box_bottom_new_dim=\dimen124
\l__box_left_new_dim=\dimen125
\l__box_right_new_dim=\dimen126
\l__box_internal_box=\box40
\l__coffin_bounding_shift_dim=\dimen127
\l__coffin_left_corner_dim=\dimen128
\l__coffin_right_corner_dim=\dimen129
\l__coffin_bottom_corner_dim=\dimen130
\l__coffin_top_corner_dim=\dimen131
\l__coffin_scaled_total_height_dim=\dimen132
\l__coffin_scaled_width_dim=\dimen133
L3 Module: l3luatex 2015/11/11 v6250 L3 Experimental LuaTeX-specific functions
)
(/usr/share/texlive/texmf-dist/tex/latex/l3kernel/l3xdvipdfmx.def
File: l3xdvidpfmx.def 2015/11/11 v6250 L3 Experimental driver: xdvipdfmx
))
(/usr/share/texlive/texmf-dist/tex/latex/l3packages/xparse/xparse.sty
Package: xparse 2016/01/19 v6377 L3 Experimental document command parser
\l__xparse_current_arg_int=\count110
\l__xparse_m_args_int=\count111
\l__xparse_mandatory_args_int=\count112
\l__xparse_processor_int=\count113
\l__xparse_v_nesting_int=\count114
)
Package: fontspec 2016/02/01 v2.5a Font selection for XeLaTeX and LuaLaTeX

(/usr/share/texlive/texmf-dist/tex/latex/fontspec/fontspec-xetex.sty
Package: fontspec-xetex 2016/02/01 v2.5a Font selection for XeLaTeX and LuaLaTe
X
\l_fontspec_script_int=\count115
\l_fontspec_language_int=\count116
\l_fontspec_strnum_int=\count117
\l__fontspec_tmpa_dim=\dimen134
\l__fontspec_tmpb_dim=\dimen135
\l__fontspec_tmpc_dim=\dimen136
\g__file_internal_ior=\read2

(/usr/share/texlive/texmf-dist/tex/latex/base/fontenc.sty
Package: fontenc 2005/09/27 v1.99g Standard LaTeX package

(/usr/share/texlive/texmf-dist/tex/latex/euenc/eu1enc.def
File: eu1enc.def 2010/05/27 v0.1h Experimental Unicode font encodings
)
LaTeX Font Info:    Try loading font information for EU1+lmr on input line 105.


(/usr/share/texlive/texmf-dist/tex/latex/euenc/eu1lmr.fd
File: eu1lmr.fd 2009/10/30 v1.6 Font defs for Latin Modern
))
(/usr/share/texlive/texmf-dist/tex/xelatex/xunicode/xunicode.sty
File: xunicode.sty 2011/09/09 v0.981 provides access to latin accents and many 
other characters in Unicode lower plane

(/usr/share/texmf/tex/latex/tipa/t3enc.def
File: t3enc.def 2001/12/31 T3 encoding
LaTeX Font Info:    Try loading font information for EU1+lmss on input line 357
.

(/usr/share/texlive/texmf-dist/tex/latex/euenc/eu1lmss.fd
File: eu1lmss.fd 2009/10/30 v1.6 Font defs for Latin Modern
))
\tipaTiiicode=\count118
\tipasavetokens=\toks16
\tipachecktokens=\toks17

(/usr/share/texlive/texmf-dist/tex/latex/graphics/graphicx.sty
Package: graphicx 2014/10/28 v1.0g Enhanced LaTeX Graphics (DPC,SPQR)

(/usr/share/texlive/texmf-dist/tex/latex/graphics/keyval.sty
Package: keyval 2014/10/28 v1.15 key=value parser (DPC)
\KV@toks@=\toks18
)
(/usr/share/texlive/texmf-dist/tex/latex/graphics/graphics.sty
Package: graphics 2016/01/03 v1.0q Standard LaTeX Graphics (DPC,SPQR)

(/usr/share/texlive/texmf-dist/tex/latex/graphics/trig.sty
Package: trig 2016/01/03 v1.10 sin cos tan (DPC)
)
(/usr/share/texlive/texmf-dist/tex/latex/latexconfig/graphics.cfg
File: graphics.cfg 2010/04/23 v1.9 graphics configuration of TeX Live
)
Package graphics Info: Driver file: xetex.def on input line 95.

(/usr/share/texlive/texmf-dist/tex/xelatex/xetex-def/xetex.def
File: xetex.def 2015/09/11 v4.06 LaTeX color/graphics driver for XeTeX (TeX Liv
e/RRM/JK)

(/usr/share/texlive/texmf-dist/tex/generic/oberdiek/infwarerr.sty
Package: infwarerr 2010/04/08 v1.3 Providing info/warning/error messages (HO)
)
(/usr/share/texlive/texmf-dist/tex/generic/oberdiek/ltxcmds.sty
Package: ltxcmds 2011/11/09 v1.22 LaTeX kernel commands for general use (HO)
)))
\Gin@req@height=\dimen137
\Gin@req@width=\dimen138
))
.................................................
. LaTeX info: "xparse/define-command"
. 
. Defining command \__fontspec_post_arg:w with sig. 'mmO{}' on line 353.
.................................................
.................................................
. LaTeX info: "xparse/define-command"
. 
. Defining command \fontspec with sig. 'om' on line 355.
.................................................
.................................................
. LaTeX info: "xparse/define-command"
. 
. Defining command \setmainfont with sig. 'om' on line 365.
.................................................
.................................................
. LaTeX info: "xparse/define-command"
. 
. Defining command \setsansfont with sig. 'om' on line 375.
.................................................
.................................................
. LaTeX info: "xparse/define-command"
. 
. Defining command \setmonofont with sig. 'om' on line 385.
.................................................
.................................................
. LaTeX info: "xparse/define-command"
. 
. Defining command \setmathrm with sig. 'om' on line 399.
.................................................
.................................................
. LaTeX info: "xparse/define-command"
. 
. Defining command \setboldmathrm with sig. 'om' on line 407.
.................................................
.................................................
. LaTeX info: "xparse/define-command"
. 
. Defining command \setmathsf with sig. 'om' on line 415.
.................................................
.................................................
. LaTeX info: "xparse/define-command"
. 
. Defining command \setmathtt with sig. 'om' on line 423.
.................................................
.................................................
. LaTeX info: "xparse/define-command"
. 
. Defining command \newfontfamily with sig. 'mom' on line 437.
.................................................
.................................................
. LaTeX info: "xparse/define-command"
. 
. Defining command \newfontface with sig. 'mom' on line 453.
.................................................
.................................................
. LaTeX info: "xparse/define-command"
. 
. Defining command \defaultfontfeatures with sig. 't+om' on line 467.
.................................................
.................................................
. LaTeX info: "xparse/define-command"
. 
. Defining command \addfontfeatures with sig. 'm' on line 529.
.................................................
.................................................
. LaTeX info: "xparse/define-command"
. 
. Defining command \newfontfeature with sig. 'mm' on line 540.
.................................................
.................................................
. LaTeX info: "xparse/define-command"
. 
. Defining command \newAATfeature with sig. 'mmmm' on line 548.
.................................................
.................................................
. LaTeX info: "xparse/define-command"
. 
. Defining command \newopentypefeature with sig. 'mmm' on line 556.
.................................................
.................................................
. LaTeX info: "xparse/define-command"
. 
. Defining command \aliasfontfeature with sig. 'mm' on line 577.
.................................................
.................................................
. LaTeX info: "xparse/define-command"
. 
. Defining command \aliasfontfeatureoption with sig. 'mmm' on line 586.
.................................................
.................................................
. LaTeX info: "xparse/define-command"
. 
. Defining command \newfontscript with sig. 'mm' on line 590.
.................................................
.................................................
. LaTeX info: "xparse/define-command"
. 
. Defining command \newfontlanguage with sig. 'mm' on line 594.
.................................................
.................................................
. LaTeX info: "xparse/define-command"
. 
. Defining command \DeclareFontsExtensions with sig. 'm' on line 599.
.................................................
\l__fontspec_tmp_int=\count119

(/usr/share/texlive/texmf-dist/tex/latex/fontspec/fontspec.cfg)
LaTeX Info: Redefining \itshape on input line 2705.
LaTeX Info: Redefining \slshape on input line 2710.
LaTeX Info: Redefining \scshape on input line 2715.
LaTeX Info: Redefining \upshape on input line 2720.
\l__fontspec_em_int=\count120
\l__fontspec_emdef_int=\count121
LaTeX Info: Redefining \em on input line 2736.
LaTeX Info: Redefining \emph on input line 2742.
LaTeX Info: Redefining \- on input line 2746.
.................................................
. LaTeX info: "xparse/redefine-command"
. 
. Redefining command \oldstylenums with sig. 'm' on line 2841.
.................................................
.................................................
. LaTeX info: "xparse/define-command"
. 
. Defining command \liningnums with sig. 'm' on line 2845.
.................................................
))
\g__fontspec_family_DejaVuSans_int=\count122
.................................................
. fontspec info: "defining-font"
. 
. Font family 'DejaVuSans(0)' created for font 'DejaVu Sans' with options
. [Ligatures=TeX].
. 
. This font family consists of the following NFSS series/shapes:
. - 'normal' (m/n) with NFSS spec.: <->"DejaVu
. Sans/OT:script=latn;language=DFLT;mapping=tex-text;"
. - 'small caps'  (m/sc) with NFSS spec.: - 'bold' (bx/n) with NFSS spec.:
. <->"DejaVu Sans/B/OT:script=latn;language=DFLT;mapping=tex-text;"
. - 'bold small caps'  (bx/sc) with NFSS spec.: - 'italic' (m/it) with NFSS
. spec.: <->"DejaVu Sans/I/OT:script=latn;language=DFLT;mapping=tex-text;"
. - 'italic small caps'  (m/itsc) with NFSS spec.: - 'bold italic' (bx/it)
. with NFSS spec.: <->"DejaVu
. Sans/BI/OT:script=latn;language=DFLT;mapping=tex-text;"
. - 'bold italic small caps'  (bx/itsc) with NFSS spec.: 
.................................................
\g__fontspec_family_DejaVuSansMono_int=\count123
.................................................
. fontspec info: "defining-font"
. 
. Font family 'DejaVuSansMono(0)' created for font 'DejaVu Sans Mono' with
. options [WordSpace={1,0,0},PunctuationSpace=WordSpace].
. 
. This font family consists of the following NFSS series/shapes:
. - 'normal' (m/n) with NFSS spec.: <->"DejaVu Sans
. Mono/OT:script=latn;language=DFLT;"
. - 'small caps'  (m/sc) with NFSS spec.: 
. and font adjustment code:
. \fontdimen 2\font =1\fontdimen 2\font \fontdimen 3\font =0\fontdimen 3\font
. \fontdimen 4\font =0\fontdimen 4\font \fontdimen 7\font =0\fontdimen 2\font
. - 'bold' (bx/n) with NFSS spec.: <->"DejaVu Sans
. Mono/B/OT:script=latn;language=DFLT;"
. - 'bold small caps'  (bx/sc) with NFSS spec.: 
. and font adjustment code:
. \fontdimen 2\font =1\fontdimen 2\font \fontdimen 3\font =0\fontdimen 3\font
. \fontdimen 4\font =0\fontdimen 4\font \fontdimen 7\font =0\fontdimen 2\font
. - 'italic' (m/it) with NFSS spec.: <->"DejaVu Sans
. Mono/I/OT:script=latn;language=DFLT;"
. - 'italic small caps'  (m/itsc) with NFSS spec.: 
. and font adjustment code:
. \fontdimen 2\font =1\fontdimen 2\font \fontdimen 3\font =0\fontdimen 3\font
. \fontdimen 4\font =0\fontdimen 4\font \fontdimen 7\font =0\fontdimen 2\font
. - 'bold italic' (bx/it) with NFSS spec.: <->"DejaVu Sans
. Mono/BI/OT:script=latn;language=DFLT;"
. - 'bold italic small caps'  (bx/itsc) with NFSS spec.: 
. and font adjustment code:
. \fontdimen 2\font =1\fontdimen 2\font \fontdimen 3\font =0\fontdimen 3\font
. \fontdimen 4\font =0\fontdimen 4\font \fontdimen 7\font =0\fontdimen 2\font 
.................................................

(/usr/share/texlive/texmf-dist/tex/latex/amsmath/amstext.sty
Package: amstext 2000/06/29 v2.01 AMS text

(/usr/share/texlive/texmf-dist/tex/latex/amsmath/amsgen.sty
File: amsgen.sty 1999/11/30 v2.0 generic functions
\@emptytoks=\toks19
\ex@=\dimen139
))
(/usr/share/texlive/texmf-dist/tex/latex/amsfonts/amssymb.sty
Package: amssymb 2013/01/14 v3.01 AMS font symbols

(/usr/share/texlive/texmf-dist/tex/latex/amsfonts/amsfonts.sty
Package: amsfonts 2013/01/14 v3.01 Basic AMSFonts support
\symAMSa=\mathgroup4
\symAMSb=\mathgroup5
LaTeX Font Info:    Overwriting math alphabet `\mathfrak' in version `bold'
(Font)                  U/euf/m/n --> U/euf/b/n on input line 106.
))
(/usr/share/texlive/texmf-dist/tex/latex/stmaryrd/stmaryrd.sty
Package: stmaryrd 1994/03/03 St Mary's Road symbol package
\symstmry=\mathgroup6
LaTeX Font Info:    Overwriting symbol font `stmry' in version `bold'
(Font)                  U/stmry/m/n --> U/stmry/b/n on input line 89.
)
(/usr/share/texmf/tex/latex/polytable/polytable.sty
Package: polytable 2013/07/18 v0.8.5 `polytable' package (Andres Loeh)

(/usr/share/texmf/tex/latex/polytable/lazylist.sty)
(/usr/share/texlive/texmf-dist/tex/latex/tools/array.sty
Package: array 2014/10/28 v2.4c Tabular extension package (FMi)
\col@sep=\dimen140
\extrarowheight=\dimen141
\NC@list=\toks20
\extratabsurround=\skip49
\backup@length=\skip50
)
\PT@colwidth=\dimen142
\PT@cols=\count124
\PT@table=\count125
\PT@toks=\toks21
\PT@in=\read3
\PT@out=\write3
)
\mathindent=\dimen143
\blanklineskip=\skip51

(/usr/share/texlive/texmf-dist/tex/latex/tools/calc.sty
Package: calc 2014/10/28 v4.3 Infix arithmetic (KKT,FJ)
\calc@Acount=\count126
\calc@Bcount=\count127
\calc@Adimen=\dimen144
\calc@Bdimen=\dimen145
\calc@Askip=\skip52
\calc@Bskip=\skip53
LaTeX Info: Redefining \setlength on input line 80.
LaTeX Info: Redefining \addtolength on input line 81.
\calc@Ccount=\count128
\calc@Cskip=\skip54
)
(/usr/share/texlive/texmf-dist/tex/generic/epsf/epsf.tex
This is `epsf.tex' v2.7.4 <14 February 2011>
\epsffilein=\read4
\epsfframemargin=\dimen146
\epsfframethickness=\dimen147
\epsfrsize=\dimen148
\epsftmp=\dimen149
\epsftsize=\dimen150
\epsfxsize=\dimen151
\epsfysize=\dimen152
\pspoints=\dimen153
) (./diss.aux)
\openout1 = `diss.aux'.

LaTeX Font Info:    Checking defaults for OML/cmm/m/it on input line 296.
LaTeX Font Info:    ... okay on input line 296.
LaTeX Font Info:    Checking defaults for T1/cmr/m/n on input line 296.
LaTeX Font Info:    ... okay on input line 296.
LaTeX Font Info:    Checking defaults for OT1/cmr/m/n on input line 296.
LaTeX Font Info:    ... okay on input line 296.
LaTeX Font Info:    Checking defaults for OMS/cmsy/m/n on input line 296.
LaTeX Font Info:    ... okay on input line 296.
LaTeX Font Info:    Checking defaults for OMX/cmex/m/n on input line 296.
LaTeX Font Info:    ... okay on input line 296.
LaTeX Font Info:    Checking defaults for U/cmr/m/n on input line 296.
LaTeX Font Info:    ... okay on input line 296.
LaTeX Font Info:    Checking defaults for EU1/lmr/m/n on input line 296.
LaTeX Font Info:    ... okay on input line 296.
LaTeX Font Info:    Checking defaults for T3/cmr/m/n on input line 296.
LaTeX Font Info:    Try loading font information for T3+cmr on input line 296.
 (/usr/share/texmf/tex/latex/tipa/t3cmr.fd
File: t3cmr.fd 2001/12/31 TIPA font definitions
)
LaTeX Font Info:    ... okay on input line 296.
.................................................
. fontspec info: "setup-math"
. 
. Adjusting the maths setup (use [no-math] to avoid this).
.................................................
\symlegacymaths=\mathgroup7
LaTeX Font Info:    Overwriting symbol font `legacymaths' in version `bold'
(Font)                  OT1/cmr/m/n --> OT1/cmr/bx/n on input line 296.
LaTeX Font Info:    Redeclaring math accent \acute on input line 296.
LaTeX Font Info:    Redeclaring math accent \grave on input line 296.
LaTeX Font Info:    Redeclaring math accent \ddot on input line 296.
LaTeX Font Info:    Redeclaring math accent \tilde on input line 296.
LaTeX Font Info:    Redeclaring math accent \bar on input line 296.
LaTeX Font Info:    Redeclaring math accent \breve on input line 296.
LaTeX Font Info:    Redeclaring math accent \check on input line 296.
LaTeX Font Info:    Redeclaring math accent \hat on input line 296.
LaTeX Font Info:    Redeclaring math accent \dot on input line 296.
LaTeX Font Info:    Redeclaring math accent \mathring on input line 296.
LaTeX Font Info:    Redeclaring math symbol \colon on input line 296.
LaTeX Font Info:    Redeclaring math symbol \Gamma on input line 296.
LaTeX Font Info:    Redeclaring math symbol \Delta on input line 296.
LaTeX Font Info:    Redeclaring math symbol \Theta on input line 296.
LaTeX Font Info:    Redeclaring math symbol \Lambda on input line 296.
LaTeX Font Info:    Redeclaring math symbol \Xi on input line 296.
LaTeX Font Info:    Redeclaring math symbol \Pi on input line 296.
LaTeX Font Info:    Redeclaring math symbol \Sigma on input line 296.
LaTeX Font Info:    Redeclaring math symbol \Upsilon on input line 296.
LaTeX Font Info:    Redeclaring math symbol \Phi on input line 296.
LaTeX Font Info:    Redeclaring math symbol \Psi on input line 296.
LaTeX Font Info:    Redeclaring math symbol \Omega on input line 296.
LaTeX Font Info:    Redeclaring math symbol \mathdollar on input line 296.
LaTeX Font Info:    Redeclaring symbol font `operators' on input line 296.
LaTeX Font Info:    Encoding `OT1' has changed to `EU1' for symbol font
(Font)              `operators' in the math version `normal' on input line 296.

LaTeX Font Info:    Overwriting symbol font `operators' in version `normal'
(Font)                  OT1/cmr/m/n --> EU1/DejaVuSans(0)/m/n on input line 296
.
LaTeX Font Info:    Encoding `OT1' has changed to `EU1' for symbol font
(Font)              `operators' in the math version `bold' on input line 296.
LaTeX Font Info:    Overwriting symbol font `operators' in version `bold'
(Font)                  OT1/cmr/bx/n --> EU1/DejaVuSans(0)/m/n on input line 29
6.
LaTeX Font Info:    Overwriting symbol font `operators' in version `normal'
(Font)                  EU1/DejaVuSans(0)/m/n --> EU1/DejaVuSans(0)/m/n on inpu
t line 296.
LaTeX Font Info:    Overwriting math alphabet `\mathit' in version `normal'
(Font)                  OT1/cmr/m/it --> EU1/DejaVuSans(0)/m/it on input line 2
96.
LaTeX Font Info:    Overwriting math alphabet `\mathbf' in version `normal'
(Font)                  OT1/cmr/bx/n --> EU1/DejaVuSans(0)/bx/n on input line 2
96.
LaTeX Font Info:    Overwriting math alphabet `\mathsf' in version `normal'
(Font)                  OT1/cmss/m/n --> EU1/lmss/m/n on input line 296.
LaTeX Font Info:    Overwriting math alphabet `\mathtt' in version `normal'
(Font)                  OT1/cmtt/m/n --> EU1/DejaVuSansMono(0)/m/n on input lin
e 296.
LaTeX Font Info:    Overwriting symbol font `operators' in version `bold'
(Font)                  EU1/DejaVuSans(0)/m/n --> EU1/DejaVuSans(0)/bx/n on inp
ut line 296.
LaTeX Font Info:    Overwriting math alphabet `\mathit' in version `bold'
(Font)                  OT1/cmr/bx/it --> EU1/DejaVuSans(0)/bx/it on input line
 296.
LaTeX Font Info:    Overwriting math alphabet `\mathsf' in version `bold'
(Font)                  OT1/cmss/bx/n --> EU1/lmss/bx/n on input line 296.
LaTeX Font Info:    Overwriting math alphabet `\mathtt' in version `bold'
(Font)                  OT1/cmtt/m/n --> EU1/DejaVuSansMono(0)/bx/n on input li
ne 296.
 [1

] [2

]
LaTeX Font Info:    Try loading font information for U+msa on input line 333.

(/usr/share/texlive/texmf-dist/tex/latex/amsfonts/umsa.fd
File: umsa.fd 2013/01/14 v3.01 AMS symbols A
)
LaTeX Font Info:    Try loading font information for U+msb on input line 333.

(/usr/share/texlive/texmf-dist/tex/latex/amsfonts/umsb.fd
File: umsb.fd 2013/01/14 v3.01 AMS symbols B
)
LaTeX Font Info:    Try loading font information for U+stmry on input line 333.


(/usr/share/texlive/texmf-dist/tex/latex/stmaryrd/Ustmry.fd)
Overfull \hbox (197.77118pt too wide) in paragraph at lines 333--348
[]
 []

[1

] [2] (./diss.toc [3


])
\tf@toc=\write4
\openout4 = `diss.toc'.

 [4] (./diss.lof)
\tf@lof=\write5
\openout5 = `diss.lof'.

 [5

]

LaTeX Warning: Citation `moore95' on page vi undefined on input line 375.

[6]
Chapter 1.

LaTeX Warning: Citation `landin' on page 1 undefined on input line 395.


LaTeX Warning: Citation `oka' on page 1 undefined on input line 399.


LaTeX Warning: Citation `achipala' on page 1 undefined on input line 404.


Underfull \hbox (badness 10000) in paragraph at lines 408--410

 []

[1


]

LaTeX Warning: Citation `circular' on page 2 undefined on input line 455.


LaTeX Warning: Citation `birdmeertens' on page 2 undefined on input line 455.


LaTeX Warning: Citation `birdmeertens' on page 2 undefined on input line 458.

LaTeX Font Info:    Font shape `EU1/DejaVuSans(0)/m/sl' in size <12> not availa
ble
(Font)              Font shape `EU1/DejaVuSans(0)/m/it' tried instead on input 
line 460.
[2]
\openout3 = `diss.ptb'.



LaTeX Warning: Citation `ulf' on page 3 undefined on input line 508.


LaTeX Warning: Citation `coq' on page 3 undefined on input line 511.


LaTeX Warning: Citation `isabelle' on page 3 undefined on input line 511.

[3]
Underfull \hbox (badness 1194) in paragraph at lines 529--532
\EU1/DejaVuSans(0)/m/n/12 Data structures in agda follow the ADT (Algebraic Dat
a Types)
 []

\openout3 = `diss.ptb'.


Underfull \hbox (badness 10000) in paragraph at lines 548--551

 []


Underfull \hbox (badness 10000) in paragraph at lines 552--554

 []

[4]
Underfull \hbox (badness 10000) in paragraph at lines 567--569

 []

\openout3 = `diss.ptb'.


Underfull \hbox (badness 10000) in paragraph at lines 577--579

 []

\openout3 = `diss.ptb'.


Underfull \hbox (badness 10000) in paragraph at lines 606--609

 []

[5]
Underfull \hbox (badness 10000) in paragraph at lines 610--611

 []

\openout3 = `diss.ptb'.


LaTeX Warning: Citation `typeclasses' on page 6 undefined on input line 636.


LaTeX Warning: Citation `instanceargs' on page 6 undefined on input line 639.

[6]
Chapter 2.

LaTeX Warning: Citation `martinlof' on page 7 undefined on input line 652.

\openout3 = `diss.ptb'.

[7


]
\openout3 = `diss.ptb'.

\openout3 = `diss.ptb'.

\openout3 = `diss.ptb'.


Overfull \hbox (138.02228pt too wide) in paragraph at lines 722--747
 [][] 
 []


Overfull \hbox (138.02228pt too wide) in paragraph at lines 722--747
 [][] 
 []


Overfull \hbox (138.02228pt too wide) in paragraph at lines 722--747
 [][][][] 
 []


Overfull \hbox (138.02228pt too wide) in paragraph at lines 722--747
 [][][][][][] 
 []


Overfull \hbox (138.02228pt too wide) in paragraph at lines 722--747
 [][] 
 []


Overfull \hbox (138.02228pt too wide) in paragraph at lines 722--747
 [][] 
 []


Overfull \hbox (138.02228pt too wide) in paragraph at lines 722--747
 [][] 
 []


Overfull \hbox (138.02228pt too wide) in paragraph at lines 722--747
 [][] 
 []

[8]

LaTeX Warning: Citation `martinlof' on page 9 undefined on input line 764.


LaTeX Warning: Citation `howard' on page 9 undefined on input line 765.


Underfull \hbox (badness 1117) in paragraph at lines 764--768
\EU1/DejaVuSans(0)/m/n/12 theoretical underpinnings in Martin Lof’s theory [[]]
, as well as
 []


Underfull \hbox (badness 10000) in paragraph at lines 764--768

 []


LaTeX Warning: Citation `viewfromtheleft' on page 9 undefined on input line 772
.


LaTeX Warning: Citation `wadler' on page 9 undefined on input line 777.

\openout3 = `diss.ptb'.

\openout3 = `diss.ptb'.

[9]

LaTeX Warning: Citation `agdadoc' on page 10 undefined on input line 819.


Underfull \hbox (badness 10000) in paragraph at lines 819--820

 []


Overfull \hbox (43.21162pt too wide) in paragraph at lines 822--822
[]\EU1/DejaVuSansMono(0)/m/n/12 If eqn : a ≡ b, where _≡_ is the builtin equali
ty you can write 
 []


LaTeX Warning: Citation `agdadoc' on page 10 undefined on input line 841.

\openout3 = `diss.ptb'.

\openout3 = `diss.ptb'.

[10]
\openout3 = `diss.ptb'.

\openout3 = `diss.ptb'.

\openout3 = `diss.ptb'.

 [11]
Underfull \hbox (badness 10000) in paragraph at lines 969--972

 []


LaTeX Warning: Citation `wadler' on page 12 undefined on input line 975.


Underfull \hbox (badness 3679) in paragraph at lines 975--980
\EU1/DejaVuSans(0)/m/n/12 The idea of a view was first introduced by Phil Wadle
r [[]]
 []


Underfull \hbox (badness 10000) in paragraph at lines 975--980
\EU1/DejaVuSans(0)/m/n/12 http://www.cs.tufts.edu/ nr/cs257/archive/phil-wadler
/views.pdf .
 []

\openout3 = `diss.ptb'.

[12]
\openout3 = `diss.ptb'.



LaTeX Warning: Citation `wadler' on page 13 undefined on input line 1031.


LaTeX Warning: Citation `circular' on page 13 undefined on input line 1036.

\openout3 = `diss.ptb'.

\openout3 = `diss.ptb'.

[13]
\openout3 = `diss.ptb'.

 [14]
\openout3 = `diss.ptb'.

\openout3 = `diss.ptb'.

\openout3 = `diss.ptb'.



LaTeX Warning: Citation `adm-ind' on page 15 undefined on input line 1172.

\openout3 = `diss.ptb'.

[15]
\openout3 = `diss.ptb'.


Overfull \hbox (62.08682pt too wide) in paragraph at lines 1193--1202
 [][] 
 []


Overfull \hbox (62.08682pt too wide) in paragraph at lines 1193--1202
 [][] 
 []


Overfull \hbox (62.08682pt too wide) in paragraph at lines 1193--1202
 [][] 
 []

\openout3 = `diss.ptb'.


Overfull \hbox (63.90016pt too wide) in paragraph at lines 1206--1213
 [][] 
 []


Overfull \hbox (63.90016pt too wide) in paragraph at lines 1206--1213
 [][] 
 []

\openout3 = `diss.ptb'.

\openout3 = `diss.ptb'.

\openout3 = `diss.ptb'.

[16] [17]
Chapter 3.

LaTeX Warning: Citation `okasaki' on page 18 undefined on input line 1284.


LaTeX Warning: Citation `numerical' on page 18 undefined on input line 1284.


LaTeX Warning: Citation `okasaki' on page 18 undefined on input line 1284.


Underfull \hbox (badness 10000) in paragraph at lines 1284--1285

 []


LaTeX Warning: Citation `rpat' on page 18 undefined on input line 1286.


Underfull \hbox (badness 10000) in paragraph at lines 1291--1293

 []

[18

]

LaTeX Warning: Citation `coq' on page 19 undefined on input line 1317.

[19] [20]
\openout3 = `diss.ptb'.

\openout3 = `diss.ptb'.

\openout3 = `diss.ptb'.


Overfull \hbox (31.33398pt too wide) in paragraph at lines 1401--1434
 [][] 
 []


Overfull \hbox (31.33398pt too wide) in paragraph at lines 1401--1434
 [][][][][][] 
 []


Overfull \hbox (31.33398pt too wide) in paragraph at lines 1401--1434
 [][][][][][][][] 
 []


Overfull \hbox (31.33398pt too wide) in paragraph at lines 1401--1434
 [][][][][][] 
 []


Overfull \hbox (31.33398pt too wide) in paragraph at lines 1401--1434
 [][][][][][][][] 
 []


Overfull \hbox (31.33398pt too wide) in paragraph at lines 1401--1434
 [][] 
 []


Overfull \hbox (31.33398pt too wide) in paragraph at lines 1401--1434
 [][] 
 []

[21]
\openout3 = `diss.ptb'.


Overfull \hbox (48.18243pt too wide) in paragraph at lines 1446--1460
 [][] 
 []


Overfull \hbox (48.18243pt too wide) in paragraph at lines 1446--1460
 [][] 
 []


Overfull \hbox (48.18243pt too wide) in paragraph at lines 1446--1460
 [][][][] 
 []


Overfull \hbox (48.18243pt too wide) in paragraph at lines 1446--1460
 [][][][] 
 []

\openout3 = `diss.ptb'.

\openout3 = `diss.ptb'.


Overfull \hbox (16.77933pt too wide) in paragraph at lines 1487--1500
 [][] 
 []


Overfull \hbox (16.77933pt too wide) in paragraph at lines 1487--1500
 [][][][] 
 []


Overfull \hbox (16.77933pt too wide) in paragraph at lines 1487--1500
 [][][][] 
 []

\openout3 = `diss.ptb'.


Overfull \hbox (30.29211pt too wide) in paragraph at lines 1504--1563
 [][] 
 []


Overfull \hbox (30.29211pt too wide) in paragraph at lines 1504--1563
 [][][][] 
 []


Overfull \hbox (30.29211pt too wide) in paragraph at lines 1504--1563
 [][][][] 
 []


Overfull \hbox (30.29211pt too wide) in paragraph at lines 1504--1563
 [][][][] 
 []


Overfull \hbox (30.29211pt too wide) in paragraph at lines 1504--1563
 [][][][] 
 []


Overfull \hbox (30.29211pt too wide) in paragraph at lines 1504--1563
 [][][][] 
 []


Overfull \hbox (30.29211pt too wide) in paragraph at lines 1504--1563
 [][][][] 
 []


Overfull \hbox (30.29211pt too wide) in paragraph at lines 1504--1563
 [][][][] 
 []


Overfull \hbox (30.29211pt too wide) in paragraph at lines 1504--1563
 [][][][] 
 []


Overfull \hbox (30.29211pt too wide) in paragraph at lines 1504--1563
 [][][][] 
 []


Overfull \hbox (30.29211pt too wide) in paragraph at lines 1504--1563
 [][][][] 
 []


Overfull \hbox (30.29211pt too wide) in paragraph at lines 1504--1563
 [][][][] 
 []


Overfull \hbox (30.29211pt too wide) in paragraph at lines 1504--1563
 [][][][] 
 []


Overfull \hbox (30.29211pt too wide) in paragraph at lines 1504--1563
 [][][][] 
 []


Overfull \hbox (30.29211pt too wide) in paragraph at lines 1504--1563
 [][][][] 
 []


Overfull \hbox (30.29211pt too wide) in paragraph at lines 1504--1563
 [][][][] 
 []


Overfull \hbox (30.29211pt too wide) in paragraph at lines 1504--1563
 [][][][] 
 []

[22]
Underfull \hbox (badness 2401) in paragraph at lines 1586--1586
[]\EU1/DejaVuSans(0)/bx/n/17.28 Numerical Representations – Move
 []


LaTeX Warning: Citation `okasaki' on page 23 undefined on input line 1587.


Overfull \hbox (386.90747pt too wide) has occurred while \output is active
\EU1/DejaVuSans(0)/m/it/12 3.4.  NUMERICAL REPRESENTATIONS – MOVE THESE GUYS AT
 THE END OF IMPLEMENTATION – SINCE THEY ARE EXTRA STUFF ANYWAY \EU1/DejaVuSans(
0)/m/n/12 23
 []

[23] [24]
Underfull \hbox (badness 1221) in paragraph at lines 1599--1599
[]\EU1/DejaVuSans(0)/bx/n/17.28 Random Access Sequences – move
 []


LaTeX Warning: Citation `numerical' on page 25 undefined on input line 1601.

\openout3 = `diss.ptb'.


LaTeX Warning: Citation `numerical' on page 25 undefined on input line 1624.

\openout3 = `diss.ptb'.

[25

]
\openout3 = `diss.ptb'.

\openout3 = `diss.ptb'.

\openout3 = `diss.ptb'.

\openout3 = `diss.ptb'.

 [26]
\openout3 = `diss.ptb'.

\openout3 = `diss.ptb'.

\openout3 = `diss.ptb'.

 [27]
\openout3 = `diss.ptb'.


Overfull \hbox (47.9981pt too wide) in paragraph at lines 1820--1890
 [][] 
 []


Overfull \hbox (47.9981pt too wide) in paragraph at lines 1820--1890
 [][][][] 
 []


Overfull \hbox (47.9981pt too wide) in paragraph at lines 1820--1890
 [][][][] 
 []


Overfull \hbox (47.9981pt too wide) in paragraph at lines 1820--1890
 [][][][] 
 []


Overfull \hbox (47.9981pt too wide) in paragraph at lines 1820--1890
 [][][][] 
 []


Overfull \hbox (47.9981pt too wide) in paragraph at lines 1820--1890
 [][][][] 
 []


Overfull \hbox (47.9981pt too wide) in paragraph at lines 1820--1890
 [][][][] 
 []


Overfull \hbox (47.9981pt too wide) in paragraph at lines 1820--1890
 [][][][] 
 []


Overfull \hbox (47.9981pt too wide) in paragraph at lines 1820--1890
 [][] 
 []


Overfull \hbox (47.9981pt too wide) in paragraph at lines 1820--1890
 [][][][] 
 []


Overfull \hbox (47.9981pt too wide) in paragraph at lines 1820--1890
 [][][][] 
 []


Overfull \hbox (47.9981pt too wide) in paragraph at lines 1820--1890
 [][][][] 
 []


Overfull \hbox (47.9981pt too wide) in paragraph at lines 1820--1890
 [][][][] 
 []


Overfull \hbox (47.9981pt too wide) in paragraph at lines 1820--1890
 [][][][] 
 []


Overfull \hbox (47.9981pt too wide) in paragraph at lines 1820--1890
 [][][][] 
 []


Overfull \hbox (47.9981pt too wide) in paragraph at lines 1820--1890
 [][][][] 
 []


Overfull \hbox (47.9981pt too wide) in paragraph at lines 1820--1890
 [][][][] 
 []


Overfull \hbox (47.9981pt too wide) in paragraph at lines 1820--1890
 [][][][] 
 []


Overfull \hbox (47.9981pt too wide) in paragraph at lines 1820--1890
 [][][][] 
 []


Overfull \hbox (47.9981pt too wide) in paragraph at lines 1820--1890
 [][][][] 
 []


Overfull \hbox (47.9981pt too wide) in paragraph at lines 1820--1890
 [][][][][][][][] 
 []

[28]
Underfull \hbox (badness 10000) in paragraph at lines 1905--1907

 []


Underfull \hbox (badness 10000) in paragraph at lines 1910--1915

 []


Underfull \hbox (badness 10000) in paragraph at lines 1918--1921

 []


Underfull \hbox (badness 10000) in paragraph at lines 1924--1926

 []

[29]
Underfull \hbox (badness 10000) in paragraph at lines 1927--1929

 []


Underfull \hbox (badness 10000) in paragraph at lines 1930--1931

 []


Underfull \hbox (badness 10000) in paragraph at lines 1932--1936

 []


Underfull \hbox (badness 10000) in paragraph at lines 1937--1940

 []


Underfull \hbox (badness 10000) in paragraph at lines 1941--1943

 []


Underfull \hbox (badness 10000) in paragraph at lines 1944--1945

 []


Underfull \hbox (badness 4940) in paragraph at lines 1954--1957
\EU1/DejaVuSans(0)/m/n/12 Verbatim text can be included using []\EU1/DejaVuSans
Mono(0)/m/n/12 \begin{verbatim} \EU1/DejaVuSans(0)/m/n/12 and
 []

[30]
Overfull \hbox (9.97823pt too wide) in paragraph at lines 1965--1965
[]                        \EU1/DejaVuSansMono(0)/m/n/10.95 ELSE { LET poss = al
l & ~(ld | row | rd)[] 
 []


Overfull \hbox (16.57071pt too wide) in paragraph at lines 1969--1969
[]                                 \EU1/DejaVuSansMono(0)/m/n/10.95 try(ld+p <<
 1, row+p, rd+p >> 1)[] 
 []


Overfull \hbox (23.16321pt too wide) in paragraph at lines 1977--1977
[]    \EU1/DejaVuSansMono(0)/m/n/10.95 writef("Number of solutions to %i2-queen
s is %i5*n", i, count)[] 
 []


Overfull \hbox (71.97746pt too wide) has occurred while \output is active
\EU1/DejaVuSans(0)/m/it/12 3.10.  RANDOM ACCESS SEQUENCES WITH DEPENDENTLY TYPE
D FINGERTREES \EU1/DejaVuSans(0)/m/n/12 31
 []

[31] [32]
Chapter 4.

Underfull \hbox (badness 4752) in paragraph at lines 2038--2042
[]\EU1/DejaVuSans(0)/m/n/12 Submitted postscript introduces more potential prob
lems.
 []

[33


] [34]
Chapter 5.
[35


] (./diss.aux)

LaTeX Warning: There were undefined references.

 ) 
Here is how much of TeX's memory you used:
 14754 strings out of 493638
 287683 string characters out of 6146797
 287261 words of memory out of 5000000
 18008 multiletter control sequences out of 15000+600000
 14106 words of font info for 104 fonts, out of 8000000 for 9000
 1328 hyphenation exceptions out of 8191
 48i,11n,61p,10369b,349s stack positions out of 5000i,500n,10000p,200000b,80000s

Output written on diss.pdf (43 pages).
